/*C12*/SET SCHEMA PUBLIC
alter table public.agendamento add column tipo_veiculo varchar(255)
alter table public.vagas add column tipo_veiculo varchar(255)
INSERT INTO SOLICITANTE VALUES(1,'wesley')
COMMIT
INSERT INTO SOLICITANTE VALUES(2,'fabricio')
COMMIT
INSERT INTO VAGAS VALUES(1,'2025-01-23 00:00:00.000000','2025-01-23 23:00:00.000000',10,'LEVE')
COMMIT
INSERT INTO VAGAS VALUES(2,'2025-01-23 00:00:00.000000','2025-01-23 23:00:00.000000',10,'PESADO')
COMMIT
INSERT INTO AGENDAMENTO VALUES(1,'2025-01-23 00:00:00.000000','01','teste1',1,'LEVE')
COMMIT
INSERT INTO AGENDAMENTO VALUES(2,'2025-01-23 00:00:00.000000','02','teste2',1,'LEVE')
COMMIT
INSERT INTO AGENDAMENTO VALUES(3,'2025-01-23 00:00:00.000000','01','teste1',2,'PESADO')
COMMIT
DELETE FROM VAGAS WHERE ID=2
INSERT INTO VAGAS VALUES(2,'2025-01-23 00:00:00.000000','2025-01-23 23:00:00.000000',3,'PESADO')
COMMIT
DISCONNECT
/*C13*/SET SCHEMA PUBLIC
DISCONNECT
/*C14*/SET SCHEMA PUBLIC
DISCONNECT
/*C15*/SET SCHEMA PUBLIC
DISCONNECT
/*C16*/SET SCHEMA PUBLIC
DISCONNECT
/*C17*/SET SCHEMA PUBLIC
DISCONNECT
/*C18*/SET SCHEMA PUBLIC
DISCONNECT
/*C19*/SET SCHEMA PUBLIC
DISCONNECT
/*C20*/SET SCHEMA PUBLIC
DISCONNECT
/*C21*/SET SCHEMA PUBLIC
DISCONNECT
